Сборка начата 15.03.2024 00:54:34.
Уровень детализации журнала: Normal.     1>Проект "C:\уник\OAIP-2-SEM\5\5\5.vcxproj" в узле 2 (целевые объекты Build).
     1>PrepareForBuild:
         Создание каталога "C:\уник\OAIP-2-SEM\5\x64\Debug\".
         Создание каталога "x64\Debug\5_1.tlog\".
       InitializeBuildStatus:
         Создание "x64\Debug\5_1.tlog\unsuccessfulbuild", так как было задано "AlwaysCreate".
         Обращение к "x64\Debug\5_1.tlog\unsuccessfulbuild".
       ClCompile:
         C:\Program Files\Microsoft Visual Studio\2022\Professional\VC\Tools\MSVC\14.37.32822\bin\HostX64\x64\CL.exe /c /ZI /JMC /nologo /W3 /WX- /diagnostics:column /sdl /Od /D _DEBUG /D _CONSOLE /D _UNICODE /D UNICODE /Gm- /EHsc /RTC1 /MDd /GS /fp:precise /Zc:wchar_t /Zc:forScope /Zc:inline /permissive- /Fo"x64\Debug\\" /Fd"x64\Debug\vc143.pdb" /external:W3 /Gd /TP /FC /errorReport:prompt main.cpp
         main.cpp
     1>C:\уник\OAIP-2-SEM\5\5\main.cpp(146,16): warning C4018: >: несоответствие типов со знаком и без знака
     1>C:\уник\OAIP-2-SEM\5\5\main.cpp(175,20): warning C4018: >=: несоответствие типов со знаком и без знака
       Link:
         C:\Program Files\Microsoft Visual Studio\2022\Professional\VC\Tools\MSVC\14.37.32822\bin\HostX64\x64\link.exe /ERRORREPORT:PROMPT /OUT:"C:\уник\OAIP-2-SEM\5\x64\Debug\5_1.exe" /INCREMENTAL /ILK:"x64\Debug\5_1.ilk" /NOLOGO kernel32.lib user32.lib gdi32.lib winspool.lib comdlg32.lib advapi32.lib shell32.lib ole32.lib oleaut32.lib uuid.lib odbc32.lib odbccp32.lib /MANIFEST /MANIFESTUAC:"level='asInvoker' uiAccess='false'" /manifest:embed /DEBUG /PDB:"C:\уник\OAIP-2-SEM\5\x64\Debug\5_1.pdb" /SUBSYSTEM:CONSOLE /TLBID:1 /DYNAMICBASE /NXCOMPAT /IMPLIB:"C:\уник\OAIP-2-SEM\5\x64\Debug\5_1.lib" /MACHINE:X64 x64\Debug\main.obj
         5.vcxproj -> C:\уник\OAIP-2-SEM\5\x64\Debug\5_1.exe
       FinalizeBuildStatus:
         Файл "x64\Debug\5_1.tlog\unsuccessfulbuild" удаляется.
         Обращение к "x64\Debug\5_1.tlog\5_1.lastbuildstate".
     1>Сборка проекта "C:\уник\OAIP-2-SEM\5\5\5.vcxproj" завершена (целевые объекты Build).

Сборка успешно завершена.

       "C:\уник\OAIP-2-SEM\5\5\5.vcxproj" (целевой объект Build ) (1) ->
       (Целевой объект ClCompile) -> 
         C:\уник\OAIP-2-SEM\5\5\main.cpp(146,16): warning C4018: >: несоответствие типов со знаком и без знака
         C:\уник\OAIP-2-SEM\5\5\main.cpp(175,20): warning C4018: >=: несоответствие типов со знаком и без знака

    Предупреждений: 2
    Ошибок: 0

Прошло времени 00:00:01.69
