Сборка начата 05.04.2024 00:04:48.
Уровень детализации журнала: Normal.     1>Проект "C:\уник\OAIP-2-SEM\7\laba\7 laba\7 laba.vcxproj" в узле 2 (целевые объекты Build).
     1>PrepareForBuild:
         Создание каталога "C:\уник\OAIP-2-SEM\7\laba\x64\Debug\".
         Создание каталога "x64\Debug\7 laba.tlog\".
       InitializeBuildStatus:
         Создание "x64\Debug\7 laba.tlog\unsuccessfulbuild", так как было задано "AlwaysCreate".
         Обращение к "x64\Debug\7 laba.tlog\unsuccessfulbuild".
       ClCompile:
         C:\Program Files\Microsoft Visual Studio\2022\Professional\VC\Tools\MSVC\14.37.32822\bin\HostX64\x64\CL.exe /c /ZI /JMC /nologo /W3 /WX- /diagnostics:column /sdl /Od /D _DEBUG /D _CONSOLE /D _UNICODE /D UNICODE /Gm- /EHsc /RTC1 /MDd /GS /fp:precise /Zc:wchar_t /Zc:forScope /Zc:inline /permissive- /Fo"x64\Debug\\" /Fd"x64\Debug\vc143.pdb" /external:W3 /Gd /TP /FC /errorReport:prompt ..\..\..\..\..\Users\amano\Downloads\functions.cpp "..\..\..\..\..\Users\amano\Downloads\var1 (5).cpp"
         functions.cpp
         var1 (5).cpp
         Создание кода...
       Link:
         C:\Program Files\Microsoft Visual Studio\2022\Professional\VC\Tools\MSVC\14.37.32822\bin\HostX64\x64\link.exe /ERRORREPORT:PROMPT /OUT:"C:\уник\OAIP-2-SEM\7\laba\x64\Debug\7 laba.exe" /INCREMENTAL /ILK:"x64\Debug\7 laba.ilk" /NOLOGO kernel32.lib user32.lib gdi32.lib winspool.lib comdlg32.lib advapi32.lib shell32.lib ole32.lib oleaut32.lib uuid.lib odbc32.lib odbccp32.lib /MANIFEST /MANIFESTUAC:"level='asInvoker' uiAccess='false'" /manifest:embed /DEBUG /PDB:"C:\уник\OAIP-2-SEM\7\laba\x64\Debug\7 laba.pdb" /SUBSYSTEM:CONSOLE /TLBID:1 /DYNAMICBASE /NXCOMPAT /IMPLIB:"C:\уник\OAIP-2-SEM\7\laba\x64\Debug\7 laba.lib" /MACHINE:X64 x64\Debug\functions.obj
         "x64\Debug\var1 (5).obj"
         7 laba.vcxproj -> C:\уник\OAIP-2-SEM\7\laba\x64\Debug\7 laba.exe
       FinalizeBuildStatus:
         Файл "x64\Debug\7 laba.tlog\unsuccessfulbuild" удаляется.
         Обращение к "x64\Debug\7 laba.tlog\7 laba.lastbuildstate".
     1>Сборка проекта "C:\уник\OAIP-2-SEM\7\laba\7 laba\7 laba.vcxproj" завершена (целевые объекты Build).

Сборка успешно завершена.
    Предупреждений: 0
    Ошибок: 0

Прошло времени 00:00:01.83
